input dir = /mnt/raid0_huge/rdfdata/ldbc_snb_datagen/social_network/
output dir = ./del1/
----------Test 4-----------------
person933	en
	


----------Test 1-----------------
person19791209306628	

person8796093027599	

person21990232564330	

person32985348840984	

person13194139533850	

person24189255816107	

person6225	

person6597069772140	

person24189255811694	

person4398046521391	

person8796093029854	

person2199023264898	

person21990232557294	

person21990232561364	

person28587302332930	

person10995116278785	

person3331	

person9209	

person2199023259525	

person15393162794296	

person10995116284808	

person32985348833546	

person21990232562063	

person28587302329662	

person6597069777270	

person17592186051171	

person2199023260091	

person6597069766733	

person26388279073508	

person10995116286179	

person13194139539592	

person8796093027793	

person4398046512649	

person24189255812457	

person32985348834174	

person6597069770047	

person17592186047673	

person6597069776731	

person24189255812045	

person4398046518932	

person28587302329601	

person19791209310503	

person24189255814175	

person32985348838375	

person15393162795439	

person4398046520887	

person6597069769456	

person8796093031057	

person17592186053025	

person32985348834682	

person13194139537314	

person24189255815935	

person26388279067760	

person17592186045803	

person26388279073095	

person32985348833660	

person15393162793237	

person15393162794207	

person30786325579799	

person8796093033182	

person10995116282686	

person6597069769082	

person6597069771199	

person15393162792041	

person4398046514664	

person4398046515585	

person17592186049669	

person2199023265291	

person8796093026755	

person10995116281472	

person24189255814729	

person2199023259425	

person10995116285817	

person26388279072730	

person2214	

person8796093023017	

person17592186050123	

person26388279072841	

person32985348843303	

person2199023264087	

person30786325581473	

person2199023262762	

person26388279072619	

person28587302328013	

person32985348834375	

person32985348837971	

person13194139538625	

person24189255814191	

person28587302326940	

person28587302331951	

person30786325587981	

person32985348839821	

person10995116279619	

person10995116283607	

person26388279071129	


----------Test 2-----------------
person8796093029854	

person4139	

person10995116284808	

person8796093030364	

person19791209310216	

person4607	


----------Test 3-----------------
comment1236950806641	

comment1786706620554	

comment1099511853392	

comment1236950808000	

comment2061584529155	

comment824633948275	

comment1374389762480	

comment1374389762822	

comment824633949599	

comment1099511857327	

comment1236950810934	

comment1374389764902	

comment962072904747	

comment962072904815	

comment1236950812001	

comment549756044908	

comment549756044924	

comment549756044961	

comment549756045256	

comment549756045286	

comment549756045324	

comment549756045388	

comment549756045391	

comment549756045463	

comment549756045557	

comment549756045578	

comment549756045789	

comment549756045828	

comment549756045899	

comment549756046048	

comment549756046058	

comment549756046221	

comment549756046284	

comment549756046358	

comment1099511860504	

comment549756046624	

comment549756046687	

comment2061584901447	

comment2061584901625	

comment1374390134530	

comment1924145948459	

comment1924145948460	

comment1924145948474	

comment1924145948480	

comment1924145948529	

comment1786706995084	

comment1786706995086	

comment1786706995161	

comment1786706995171	

comment1786706995235	

comment1786706995331	

comment1786706995341	

comment2061584946848	

comment824634366180	

comment687195412772	

comment962073320145	

comment412317506710	

comment2061584948580	

comment1511829134801	

comment412317507040	

comment137439600148	

comment137439600209	

comment137439600487	

comment824634368056	

comment412317508176	

comment1374390182788	

comment274878555142	

comment1099512276065	

comment274878555479	

comment1236951229849	

comment274878556145	

comment137439602708	

comment274878556497	

comment274878556522	

comment549756463801	

comment274878556952	

comment549756463918	

comment2061584952158	

comment549756464152	

comment549756464154	

comment549756464611	

comment549756464933	

comment274878558000	

comment274878558022	

comment274878558051	

comment549756465196	

comment1511829310870	

comment1099512450515	

comment1236951404733	

comment824634546682	

comment824634547717	

comment824634547772	

comment1786707222119	

comment824634548003	

comment687197698806	

comment687197698899	

comment1374392466716	

comment1786709327698	

comment824636653802	

comment2061587235387	

comment1099514561753	

comment1099514561769	

comment824636655183	

comment824636655568	

comment1099514562688	

comment1374392470100	

comment2061587237469	

comment2061588909627	

comment274879086426	

comment274879086438	

comment1511829667841	

comment962073854032	

comment137440133273	

comment412318040265	

comment1786707575033	

comment1649268621580	

comment1786707575231	

comment687195947555	

comment2061585482292	

comment412318040651	

comment412318040652	

comment549756994143	

comment1924146528910	

comment1786707575724	

comment274879087547	

comment274879087560	

comment412318041037	

comment412318041038	

comment687195948126	

comment687195948127	

comment1924146529387	

comment1236951762039	

comment137440134309	

comment1374390715616	

comment1786707576054	

comment962073855245	

comment549756994842	

comment962073855433	

comment274879088078	

comment1511829669811	

comment1099512809473	

comment1511829670113	

comment1511829670311	


-----------BFS -----------------
Top down = 1 Level = 1 Frontier Count = 6 ToDo = 6 Time = 0.00790405
Top down = 1 Level = 2 Frontier Count = 2255 ToDo = 2787 Time = 0.00511599
Top down = 0 Level = 3 Frontier Count = 6715 ToDo = 221616 Time = 0.00509095
Top down = 0 Level = 4 Frontier Count = 175 ToDo = 361 Time = 0.00493193
Top down = 0 Level = 5 Frontier Count = 0 ToDo = 0 Time = 0.0048399
-----------Pagerank-------------
Iteration time = 0.0261219

